<?xml version="1.0" encoding="UTF-8"?>
<testng-results ignored="0" total="1" passed="1" failed="0" skipped="0">
  <reporter-output>
  </reporter-output>
  <suite started-at="2023-09-11T14:27:32 IST" name="Default suite" finished-at="2023-09-11T14:27:43 IST" duration-ms="10706">
    <groups>
    </groups>
    <test started-at="2023-09-11T14:27:32 IST" name="Default test" finished-at="2023-09-11T14:27:43 IST" duration-ms="10706">
      <class name="com.jenkins.log4j.AssertGoogle">
        <test-method is-config="true" signature="beforeMethod()[pri:0, instance:com.jenkins.log4j.AssertGoogle@3a7442c7]" started-at="2023-09-11T14:27:32 IST" name="beforeMethod" finished-at="2023-09-11T14:27:37 IST" duration-ms="5432" status="PASS">
          <reporter-output>
          </reporter-output>
        </test-method> <!-- beforeMethod -->
        <test-method signature="f()[pri:0, instance:com.jenkins.log4j.AssertGoogle@3a7442c7]" started-at="2023-09-11T14:27:37 IST" name="f" finished-at="2023-09-11T14:27:42 IST" duration-ms="5040" status="PASS">
          <reporter-output>
          </reporter-output>
        </test-method> <!-- f -->
        <test-method is-config="true" signature="afterMethod()[pri:0, instance:com.jenkins.log4j.AssertGoogle@3a7442c7]" started-at="2023-09-11T14:27:42 IST" name="afterMethod" finished-at="2023-09-11T14:27:43 IST" duration-ms="175" status="PASS">
          <reporter-output>
          </reporter-output>
        </test-method> <!-- afterMethod -->
      </class> <!-- com.jenkins.log4j.AssertGoogle -->
    </test> <!-- Default test -->
  </suite> <!-- Default suite -->
</testng-results>
